Copyright 1986-2015 Xilinx, Inc. All Rights Reserved.
-----------------------------------------------------------------------------------------------
| Tool Version      : Vivado v.2015.2 (lin64) Build 1266856 Fri Jun 26 16:35:25 MDT 2015
| Date              : Thu Jun 14 15:10:26 2018
| Host              : huatianzhou-VirtualBox running 64-bit Ubuntu 14.04.5 LTS
| Command           : report_clock_utilization -file cntr4m8_disp_clock_utilization_routed.rpt
| Design            : cntr4m8_disp
| Device            : 7a100t-csg324
| Speed File        : -1  PRODUCTION 1.14 2014-09-11
| Temperature Grade : C
-----------------------------------------------------------------------------------------------

Clock Utilization Report

Table of Contents
-----------------
1. Clock Primitive Utilization
2. Details of Global Clocks
3. Details of Regional Clocks
4. Details of Multi-Regional Clocks
5. Details of I/O Clocks
6. Details of Local Clocks
7. Clock Regions : Key Resource Utilization
8. Net wise resources used in clock region X1Y1

1. Clock Primitive Utilization
------------------------------

+-------+------+-----------+-----------+
| Type  | Used | Available | Num Fixed |
+-------+------+-----------+-----------+
| BUFG  |    1 |        32 |         0 |
| BUFH  |    0 |        96 |         0 |
| BUFIO |    0 |        24 |         0 |
| MMCM  |    0 |         6 |         0 |
| PLL   |    0 |         6 |         0 |
| BUFR  |    0 |        24 |         0 |
| BUFMR |    0 |        12 |         0 |
+-------+------+-----------+-----------+


2. Details of Global Clocks
---------------------------

+-------+--------------------+---------------+--------------+-------+
|       |                    |               |   Num Loads  |       |
+-------+--------------------+---------------+------+-------+-------+
| Index | BUFG Cell          | Net Name      | BELs | Sites | Fixed |
+-------+--------------------+---------------+------+-------+-------+
|     1 | clk_IBUF_BUFG_inst | clk_IBUF_BUFG |   33 |     9 |    no |
+-------+--------------------+---------------+------+-------+-------+


3. Details of Regional Clocks
-----------------------------

4. Details of Multi-Regional Clocks
-----------------------------------

5. Details of I/O Clocks
------------------------

6. Details of Local Clocks
--------------------------

+-------+--------------------------+------------------------------+--------------+-------+
|       |                          |                              |   Num Loads  |       |
+-------+--------------------------+------------------------------+------+-------+-------+
| Index | Local Clk Src            | Net Name                     | BELs | Sites | Fixed |
+-------+--------------------------+------------------------------+------+-------+-------+
|     1 | ctr/r/prevfcarry_reg_i_2 | ctr/r/led[14]                |    1 |     1 |    no |
|     2 | ctr/r/num_reg[0]_LDC_i_1 | ctr/r/num_reg[0]_LDC_i_1_n_0 |    2 |     2 |    no |
|     3 | ctr/r/num_reg[1]_LDC_i_1 | ctr/r/num_reg[1]_LDC_i_1_n_0 |    2 |     2 |    no |
|     4 | ctr/r/num_reg[2]_LDC_i_1 | ctr/r/num_reg[2]_LDC_i_1_n_0 |    2 |     2 |    no |
|     5 | ctr/r/num_reg[3]_LDC_i_1 | ctr/r/num_reg[3]_LDC_i_1_n_0 |    2 |     2 |    no |
|     6 | dclk/divclk_reg          | dclk/led_OBUF[0]             |   10 |    10 |    no |
+-------+--------------------------+------------------------------+------+-------+-------+


7. Clock Regions : Key Resource Utilization
-------------------------------------------

+-------------------+--------------+--------------+--------------+--------------+--------------+--------------+--------------+--------------+--------------+--------------+--------------+--------------+--------------+--------------+--------------+
|                   | Global Clock |     BUFRs    |    BUFMRs    |    BUFIOs    |     MMCM     |      PLL     |      GT      |      PCI     |    ILOGIC    |    OLOGIC    |      FF      |     LUTM     |    RAMB18    |    RAMB36    |    DSP48E1   |
+-------------------+------+-------+------+-------+------+-------+------+-------+------+-------+------+-------+------+-------+------+-------+------+-------+------+-------+------+-------+------+-------+------+-------+------+-------+------+-------+
| Clock Region Name | Used | Avail | Used | Avail | Used | Avail | Used | Avail | Used | Avail | Used | Avail | Used | Avail | Used | Avail | Used | Avail | Used | Avail | Used | Avail | Used | Avail | Used | Avail | Used | Avail | Used | Avail |
+-------------------+------+-------+------+-------+------+-------+------+-------+------+-------+------+-------+------+-------+------+-------+------+-------+------+-------+------+-------+------+-------+------+-------+------+-------+------+-------+
| X0Y0              |    0 |    12 |    0 |     4 |    0 |     2 |    0 |     4 |    0 |     1 |    0 |     1 |    0 |     0 |    0 |     0 |    0 |    50 |    0 |    50 |    0 | 20800 |    0 |  2400 |    0 |    20 |    0 |    10 |    0 |    20 |
| X1Y0              |    0 |    12 |    0 |     0 |    0 |     0 |    0 |     0 |    0 |     0 |    0 |     0 |    0 |     5 |    0 |     0 |    0 |     0 |    0 |     0 |    0 | 12000 |    0 |  2200 |    0 |    40 |    0 |    20 |    0 |    40 |
| X0Y1              |    0 |    12 |    0 |     4 |    0 |     2 |    0 |     4 |    0 |     1 |    0 |     1 |    0 |     0 |    0 |     0 |    0 |    50 |    0 |    50 |    0 | 16000 |    0 |  2400 |    0 |    20 |    0 |    10 |    0 |    20 |
| X1Y1              |    1 |    12 |    0 |     4 |    0 |     2 |    0 |     4 |    0 |     1 |    0 |     1 |    0 |     0 |    0 |     0 |    0 |    50 |    0 |    50 |   46 | 15200 |    0 |  2600 |    0 |    60 |    0 |    30 |    0 |    40 |
| X0Y2              |    0 |    12 |    0 |     4 |    0 |     2 |    0 |     4 |    0 |     1 |    0 |     1 |    0 |     0 |    0 |     0 |    0 |    50 |    0 |    50 |    0 | 16000 |    0 |  2400 |    0 |    20 |    0 |    10 |    0 |    20 |
| X1Y2              |    0 |    12 |    0 |     4 |    0 |     2 |    0 |     4 |    0 |     1 |    0 |     1 |    0 |     0 |    0 |     0 |    0 |    50 |    0 |    50 |    0 | 15200 |    0 |  2600 |    0 |    60 |    0 |    30 |    0 |    40 |
| X0Y3              |    0 |    12 |    0 |     4 |    0 |     2 |    0 |     4 |    0 |     1 |    0 |     1 |    0 |     0 |    0 |     0 |    0 |    50 |    0 |    50 |    0 | 20800 |    0 |  2400 |    0 |    20 |    0 |    10 |    0 |    20 |
| X1Y3              |    0 |    12 |    0 |     0 |    0 |     0 |    0 |     0 |    0 |     0 |    0 |     0 |    0 |     5 |    0 |     1 |    0 |     0 |    0 |     0 |    0 | 10800 |    0 |  2000 |    0 |    30 |    0 |    15 |    0 |    40 |
+-------------------+------+-------+------+-------+------+-------+------+-------+------+-------+------+-------+------+-------+------+-------+------+-------+------+-------+------+-------+------+-------+------+-------+------+-------+------+-------+
* RAMB36 site can be used as two RAMB18/FIFO18 sites.


8. Net wise resources used in clock region X1Y1
-----------------------------------------------

+-------------+--------------+-------+-----------+----------+---------+-----------+---------+---------+-----+-------+----------+----------------+
| Source Type | BUFHCE Site  | Fixed | MMCM Pins | PLL Pins | GT Pins | BRAM Pins | ILOGICs | OLOGICs | FFs | LUTMs | DSP48E1s | Clock Net Name |
+-------------+--------------+-------+-----------+----------+---------+-----------+---------+---------+-----+-------+----------+----------------+
| BUFG        | BUFHCE_X1Y20 |   no  |         0 |        0 |       0 |         0 |       0 |       0 |  33 |     0 |        0 | clk_IBUF_BUFG  |
+-------------+--------------+-------+-----------+----------+---------+-----------+---------+---------+-----+-------+----------+----------------+



# Location of BUFG Primitives 
set_property LOC BUFGCTRL_X0Y16 [get_cells clk_IBUF_BUFG_inst]

# Location of IO Clock Primitives

# Location of MMCM Clock Primitives

# Location of BUFH Clock Primitives

# Location of BUFR Clock Primitives

# Location of BUFMR Clock Primitives

# Location of PLL Clock Primitives

# Location of IO Primitives which is load of clock spine
set_property LOC IOB_X1Y70 [get_cells led_OBUF[15]_inst]

# Location of clock ports
set_property LOC IOB_X1Y126 [get_ports clk]

# Clock net "clk_IBUF_BUFG" driven by instance "clk_IBUF_BUFG_inst" located at site "BUFGCTRL_X0Y16"
#startgroup
create_pblock {CLKAG_clk_IBUF_BUFG}
add_cells_to_pblock [get_pblocks  {CLKAG_clk_IBUF_BUFG}] [get_cells -filter { PRIMITIVE_GROUP != I/O && IS_PRIMITIVE==1 && PRIMITIVE_LEVEL !=INTERNAL } -of_object [get_pins -filter {DIRECTION==IN} -of_objects [get_nets -hierarchical -filter {PARENT=="clk_IBUF_BUFG"}]]]
resize_pblock [get_pblocks {CLKAG_clk_IBUF_BUFG}] -add {CLOCKREGION_X1Y1:CLOCKREGION_X1Y1}
#endgroup

# Clock net "ctr/r/led[14]" driven by instance "ctr/r/prevfcarry_reg_i_2" located at site "SLICE_X88Y62"
#startgroup
create_pblock {CLKAG_ctr/r/led[14]}
add_cells_to_pblock [get_pblocks  {CLKAG_ctr/r/led[14]}] [get_cells -filter { PRIMITIVE_GROUP != I/O && IS_PRIMITIVE==1 && PRIMITIVE_LEVEL !=INTERNAL } -of_object [get_pins -filter {DIRECTION==IN} -of_objects [get_nets -hierarchical -filter {PARENT=="ctr/r/led[14]"}]]]
resize_pblock [get_pblocks {CLKAG_ctr/r/led[14]}] -add {CLOCKREGION_X1Y1:CLOCKREGION_X1Y1}
#endgroup

# Clock net "ctr/r/num_reg[0]_LDC_i_1_n_0" driven by instance "ctr/r/num_reg[0]_LDC_i_1" located at site "SLICE_X89Y60"
#startgroup
create_pblock {CLKAG_ctr/r/num_reg[0]_LDC_i_1_n_0}
add_cells_to_pblock [get_pblocks  {CLKAG_ctr/r/num_reg[0]_LDC_i_1_n_0}] [get_cells -filter { PRIMITIVE_GROUP != I/O && IS_PRIMITIVE==1 && PRIMITIVE_LEVEL !=INTERNAL } -of_object [get_pins -filter {DIRECTION==IN} -of_objects [get_nets -hierarchical -filter {PARENT=="ctr/r/num_reg[0]_LDC_i_1_n_0"}]]]
resize_pblock [get_pblocks {CLKAG_ctr/r/num_reg[0]_LDC_i_1_n_0}] -add {CLOCKREGION_X1Y1:CLOCKREGION_X1Y1}
#endgroup

# Clock net "ctr/r/num_reg[1]_LDC_i_1_n_0" driven by instance "ctr/r/num_reg[1]_LDC_i_1" located at site "SLICE_X88Y58"
#startgroup
create_pblock {CLKAG_ctr/r/num_reg[1]_LDC_i_1_n_0}
add_cells_to_pblock [get_pblocks  {CLKAG_ctr/r/num_reg[1]_LDC_i_1_n_0}] [get_cells -filter { PRIMITIVE_GROUP != I/O && IS_PRIMITIVE==1 && PRIMITIVE_LEVEL !=INTERNAL } -of_object [get_pins -filter {DIRECTION==IN} -of_objects [get_nets -hierarchical -filter {PARENT=="ctr/r/num_reg[1]_LDC_i_1_n_0"}]]]
resize_pblock [get_pblocks {CLKAG_ctr/r/num_reg[1]_LDC_i_1_n_0}] -add {CLOCKREGION_X1Y1:CLOCKREGION_X1Y1}
#endgroup

# Clock net "ctr/r/num_reg[2]_LDC_i_1_n_0" driven by instance "ctr/r/num_reg[2]_LDC_i_1" located at site "SLICE_X89Y59"
#startgroup
create_pblock {CLKAG_ctr/r/num_reg[2]_LDC_i_1_n_0}
add_cells_to_pblock [get_pblocks  {CLKAG_ctr/r/num_reg[2]_LDC_i_1_n_0}] [get_cells -filter { PRIMITIVE_GROUP != I/O && IS_PRIMITIVE==1 && PRIMITIVE_LEVEL !=INTERNAL } -of_object [get_pins -filter {DIRECTION==IN} -of_objects [get_nets -hierarchical -filter {PARENT=="ctr/r/num_reg[2]_LDC_i_1_n_0"}]]]
resize_pblock [get_pblocks {CLKAG_ctr/r/num_reg[2]_LDC_i_1_n_0}] -add {CLOCKREGION_X1Y1:CLOCKREGION_X1Y1}
#endgroup

# Clock net "ctr/r/num_reg[3]_LDC_i_1_n_0" driven by instance "ctr/r/num_reg[3]_LDC_i_1" located at site "SLICE_X88Y61"
#startgroup
create_pblock {CLKAG_ctr/r/num_reg[3]_LDC_i_1_n_0}
add_cells_to_pblock [get_pblocks  {CLKAG_ctr/r/num_reg[3]_LDC_i_1_n_0}] [get_cells -filter { PRIMITIVE_GROUP != I/O && IS_PRIMITIVE==1 && PRIMITIVE_LEVEL !=INTERNAL } -of_object [get_pins -filter {DIRECTION==IN} -of_objects [get_nets -hierarchical -filter {PARENT=="ctr/r/num_reg[3]_LDC_i_1_n_0"}]]]
resize_pblock [get_pblocks {CLKAG_ctr/r/num_reg[3]_LDC_i_1_n_0}] -add {CLOCKREGION_X1Y1:CLOCKREGION_X1Y1}
#endgroup

# Clock net "dclk/led_OBUF[0]" driven by instance "dclk/divclk_reg" located at site "SLICE_X86Y65"
#startgroup
create_pblock {CLKAG_dclk/led_OBUF[0]}
add_cells_to_pblock [get_pblocks  {CLKAG_dclk/led_OBUF[0]}] [get_cells -filter { PRIMITIVE_GROUP != I/O && IS_PRIMITIVE==1 && PRIMITIVE_LEVEL !=INTERNAL && NAME!=led_OBUF[15]_inst} -of_object [get_pins -filter {DIRECTION==IN} -of_objects [get_nets -hierarchical -filter {PARENT=="dclk/led_OBUF[0]"}]]]
resize_pblock [get_pblocks {CLKAG_dclk/led_OBUF[0]}] -add {CLOCKREGION_X1Y1:CLOCKREGION_X1Y1}
#endgroup
